<?xml version="1.0" encoding="UTF-8"?>
<!-- Generated by org.testng.reporters.JUnitXMLReporter -->
<testsuite hostname="LAPTOP-Q06Q743C" ignored="0" name="Default test" tests="3" failures="0" timestamp="2020-08-23T11:33:22 IST" time="30.679" errors="0">
  <testcase name="invalidLogin" time="1.923" classname="regressionScripts.Regression"/>
  <testcase name="sendBugReport" time="4.9" classname="regressionScripts.Regression"/>
  <testcase name="validLoginLogout" time="1.585" classname="regressionScripts.Regression"/>
</testsuite> <!-- Default test -->
