<?xml version="1.0" encoding="UTF-8"?>
<!-- Generated by org.testng.reporters.JUnitXMLReporter -->
<testsuite hostname="LAPTOP-Q06Q743C" ignored="0" name="Test" tests="3" failures="0" timestamp="2020-08-23T09:44:38 IST" time="121.127" errors="0">
  <testcase name="invalidLogin" time="7.582" classname="regressionScripts.Regression"/>
  <testcase name="sendBugReport" time="19.723" classname="regressionScripts.Regression"/>
  <testcase name="validLoginLogout" time="3.211" classname="regressionScripts.Regression"/>
</testsuite> <!-- Test -->
